[01:47:51.969] [StartLogginig]

[01:47:51.969] 
configs
windowTitle: Engine
windowSize: 1920×1080
maxInstanceCount: 1024


[01:47:52.043] Use Adapter: NVIDIA GeForce RTX 3060 Laptop GPU
[01:47:52.461] featuerLevel: 12.2
[01:47:52.461] 

[01:47:53.257] load texture begin: circle
[01:47:53.322] load texture ok: circle (512×512 mip4 srv=7)
[01:47:53.322] load texture begin: effectCircle
[01:47:53.378] load texture ok: effectCircle (512×512 mip4 srv=8)
[01:47:53.378] load texture begin: starCircle
[01:47:53.435] load texture ok: starCircle (512×512 mip4 srv=9)
[01:47:53.436] load texture begin: starCircle2
[01:47:53.490] load texture ok: starCircle2 (512×512 mip4 srv=10)
[01:47:53.490] load texture begin: circle4
[01:47:53.659] load texture ok: circle4 (832×1024 mip4 srv=11)
[01:47:53.660] load texture begin: gradationLine_0
[01:47:53.720] load texture ok: gradationLine_0 (512×512 mip4 srv=12)
[01:47:53.720] load texture begin: gradationLine_1
[01:47:53.786] load texture ok: gradationLine_1 (512×512 mip4 srv=13)
[01:47:53.787] load texture begin: groundEffect
[01:47:54.009] load texture ok: groundEffect (1024×1024 mip4 srv=14)
[01:47:54.009] load texture begin: redCircle
[01:47:54.062] load texture ok: redCircle (512×512 mip4 srv=15)
[01:47:54.062] load texture begin: horaizontalRedCircle
[01:47:54.097] load texture ok: horaizontalRedCircle (512×320 mip4 srv=16)
[01:47:54.098] load texture begin: verticalRedCircle
[01:47:54.133] load texture ok: verticalRedCircle (320×512 mip4 srv=17)
[01:47:54.133] load texture begin: smallCircle
[01:47:54.186] load texture ok: smallCircle (512×512 mip4 srv=18)
[01:47:54.186] load texture begin: flashLlight
[01:47:54.197] load texture ok: flashLlight (128×128 mip4 srv=19)
[01:47:54.197] load texture begin: noise
[01:47:54.254] load texture ok: noise (512×512 mip4 srv=20)
[01:47:54.254] load texture begin: noise1
[01:47:54.452] load texture ok: noise1 (1000×1000 mip4 srv=21)
[01:47:54.452] load texture begin: noise2
[01:47:54.510] load texture ok: noise2 (512×512 mip4 srv=22)
[01:47:54.510] load texture begin: uvChecker
[01:47:54.566] load texture ok: uvChecker (512×512 mip4 srv=23)
[01:47:54.566] load mdoel begin: billboardPlane
[01:47:54.583] load mdoel ok: billboardPlane
[01:47:54.583] load mdoel begin: billboardHorizontalPlane
[01:47:54.589] load mdoel ok: billboardHorizontalPlane
[01:47:54.589] load mdoel begin: billboardVerticalPlane
[01:47:54.595] load mdoel ok: billboardVerticalPlane
[01:47:54.595] load mdoel begin: bottomLocalbillboardPlane
[01:47:54.600] load mdoel ok: bottomLocalbillboardPlane
[01:47:54.601] load mdoel begin: topLocalbillboardPlane
[01:47:54.606] load mdoel ok: topLocalbillboardPlane
[01:47:54.606] load mdoel begin: crossPlane
[01:47:54.613] load texture begin: circle
[01:47:54.613] load texture cached: circle
[01:47:54.613] load texture begin: circle
[01:47:54.613] load texture cached: circle
[01:47:54.613] load texture begin: circle
[01:47:54.613] load texture cached: circle
[01:47:54.613] load mdoel ok: crossPlane
[01:47:54.613] load mdoel begin: groundPlane
[01:47:54.619] load mdoel ok: groundPlane
[01:47:54.619] load mdoel begin: groundRing
[01:47:54.627] load mdoel ok: groundRing
[01:47:54.627] load mdoel begin: hitLine
[01:47:54.633] load texture begin: circle4
[01:47:54.633] load texture cached: circle4
[01:47:54.634] load mdoel ok: hitLine
[01:47:54.634] load mdoel begin: slashEffect
[01:47:54.692] load mdoel ok: slashEffect
[01:47:54.693] load mdoel begin: verticalPlane
[01:47:54.698] load mdoel ok: verticalPlane
[01:47:54.698] load mdoel begin: verticalRing
[01:47:54.720] load mdoel ok: verticalRing
[01:47:54.721] load mdoel begin: primitiveRing
[01:47:54.729] load mdoel ok: primitiveRing
[01:47:54.730] load mdoel begin: primitiveCylinder
[01:47:54.739] load mdoel ok: primitiveCylinder
[01:47:54.739] load texture begin: overcast_soil_puresky_4k
[01:47:56.398] load texture ok: overcast_soil_puresky_4k (1024×1024 mip4 srv=24)
[01:47:56.693] load texture: lut_hot
[01:47:56.694] load texture begin: whiteAlphaGradation_0
[01:47:56.705] load texture ok: whiteAlphaGradation_0 (643×44 mip4 srv=26)
[01:47:56.706] load texture begin: whiteAlphaGradation_1
[01:47:56.718] load texture ok: whiteAlphaGradation_1 (643×44 mip4 srv=27)
[01:47:56.718] load mdoel begin: field
[01:47:56.727] load texture begin: field
[01:47:56.746] load texture ok: field (256×256 mip4 srv=28)
[01:47:56.746] load texture begin: fieldNormal
[01:47:56.767] load texture ok: fieldNormal (256×256 mip4 srv=29)
[01:47:56.767] load mdoel ok: field
[01:47:56.767] load mdoel begin: fieldUnder
[01:47:56.774] load texture begin: noise
[01:47:56.774] load texture cached: noise
[01:47:56.774] load mdoel ok: fieldUnder
[01:47:56.774] load mdoel begin: fence
[01:47:56.786] load texture begin: fence
[01:47:57.234] load texture ok: fence (1500×1500 mip4 srv=30)
[01:47:57.235] load mdoel ok: fence
[01:47:57.235] load mdoel begin: wall
[01:47:57.252] load texture begin: wall
[01:47:57.269] load texture ok: wall (256×256 mip4 srv=31)
[01:47:57.270] load mdoel ok: wall
[01:47:57.270] load mdoel begin: antenna
[01:47:57.278] load mdoel ok: antenna
[01:47:57.278] load mdoel begin: columnMetalSupport
[01:47:57.309] load mdoel ok: columnMetalSupport
[01:47:57.309] load mdoel begin: columnPipes
[01:47:57.548] load mdoel ok: columnPipes
[01:47:57.548] load mdoel begin: lghtStreet
[01:47:57.581] load mdoel ok: lghtStreet
[01:47:57.582] load mdoel begin: lightSquare
[01:47:57.591] load mdoel ok: lightSquare
[01:47:57.592] load mdoel begin: platformField
[01:47:57.601] load mdoel ok: platformField
[01:47:57.601] load mdoel begin: platformRound
[01:47:57.632] load mdoel ok: platformRound
[01:47:57.632] load mdoel begin: propCable
[01:47:57.734] load mdoel ok: propCable
[01:47:57.734] load mdoel begin: propCableLong
[01:47:57.943] load mdoel ok: propCableLong
[01:47:57.943] load mdoel begin: propRailOrigin
[01:47:57.998] load mdoel ok: propRailOrigin
[01:47:57.998] load mdoel begin: railLong
[01:47:58.014] load mdoel ok: railLong
[01:47:58.014] load mdoel begin: signCorner
[01:47:58.026] load mdoel ok: signCorner
[01:47:58.026] load mdoel begin: steelbeams
[01:47:58.040] load texture begin: steelbeams_Height
[01:47:58.242] load texture ok: steelbeams_Height (1024×1024 mip4 srv=32)
[01:47:58.243] load mdoel ok: steelbeams
[01:47:58.243] load mdoel begin: tiltedWarningWall
[01:47:58.261] load texture begin: bariera_2m
[01:47:59.157] load texture ok: bariera_2m (5325×858 mip4 srv=33)
[01:47:59.159] load mdoel ok: tiltedWarningWall
[01:47:59.159] load mdoel begin: wall
[01:47:59.159] load model cached: wall
[01:47:59.159] load mdoel begin: warningWall
[01:47:59.169] load texture begin: bariera_2m
[01:47:59.169] load texture cached: bariera_2m
[01:47:59.170] load mdoel ok: warningWall
[01:47:59.170] load texture begin: enemyHPBackground
[01:47:59.185] load texture ok: enemyHPBackground (760×64 mip4 srv=34)
[01:47:59.185] load texture begin: enemyHPBar
[01:47:59.195] load texture ok: enemyHPBar (643×44 mip4 srv=35)
[01:47:59.195] load texture begin: enemyDestroyBar
[01:47:59.202] load texture ok: enemyDestroyBar (536×20 mip4 srv=36)
[01:47:59.202] load texture begin: toughnessNumber
[01:47:59.214] load texture ok: toughnessNumber (480×64 mip4 srv=37)
[01:47:59.214] load texture begin: enemyDamageNumber
[01:47:59.243] load texture ok: enemyDamageNumber (960×128 mip4 srv=38)
[01:47:59.243] load texture begin: playerDamageNumber
[01:47:59.273] load texture ok: playerDamageNumber (960×128 mip4 srv=39)
[01:47:59.273] load texture begin: timeNumber
[01:47:59.285] load texture ok: timeNumber (480×64 mip4 srv=40)
[01:47:59.285] load texture begin: timeSymbol
[01:47:59.290] load texture ok: timeSymbol (64×32 mip4 srv=41)
[01:47:59.290] load texture begin: bossName
[01:47:59.299] load texture ok: bossName (160×112 mip4 srv=42)
[01:47:59.299] load mdoel begin: bossEnemy
[01:47:59.332] load mdoel ok: bossEnemy
[01:47:59.332] load mdoel begin: bossEnemyWeapon
[01:47:59.343] load mdoel ok: bossEnemyWeapon
[01:47:59.343] load animation begin: bossEnemy
[01:47:59.371] load animation: bossEnemy_chargeAttack
[01:47:59.372] load animation: bossEnemy_falter
[01:47:59.372] load animation: bossEnemy_idle
[01:47:59.372] load animation: bossEnemy_lightAttack
[01:47:59.372] load animation: bossEnemy_rushAttack
[01:47:59.373] load animation: bossEnemy_strongAttack
[01:47:59.373] load animation: bossEnemy_stun
[01:47:59.373] load animation: bossEnemy_stunUpdate
[01:47:59.373] load animation: bossEnemy_teleport
[01:47:59.374] load animation ok: bossEnemy
[01:47:59.374] load mdoel begin: BrainStem
[01:47:59.646] load mdoel ok: BrainStem
[01:47:59.646] load animation begin: BrainStem
[01:47:59.703] load animation: BrainStem
[01:47:59.703] load animation ok: BrainStem
[01:47:59.711] load texture begin: playerHPBackground
[01:47:59.730] load texture ok: playerHPBackground (506×64 mip4 srv=43)
[01:47:59.730] load texture begin: playerHPBar
[01:47:59.738] load texture ok: playerHPBar (483×44 mip4 srv=44)
[01:47:59.738] load texture begin: playerSkilBar
[01:47:59.744] load texture ok: playerSkilBar (360×20 mip4 srv=45)
[01:47:59.744] load texture begin: playerName
[01:47:59.752] load texture ok: playerName (160×112 mip4 srv=46)
[01:47:59.752] load texture begin: attackIcon
[01:47:59.769] load texture ok: attackIcon (256×256 mip4 srv=47)
[01:47:59.769] load texture begin: dashIcon
[01:47:59.787] load texture ok: dashIcon (256×256 mip4 srv=48)
[01:47:59.787] load texture begin: skilIcon
[01:47:59.804] load texture ok: skilIcon (256×256 mip4 srv=49)
[01:47:59.805] load texture begin: parryIcon
[01:47:59.822] load texture ok: parryIcon (256×256 mip4 srv=50)
[01:47:59.822] load texture begin: leftMouseClick
[01:47:59.838] load texture ok: leftMouseClick (256×256 mip4 srv=51)
[01:47:59.839] load texture begin: rightMouseClick
[01:47:59.856] load texture ok: rightMouseClick (256×256 mip4 srv=52)
[01:47:59.856] load texture begin: centerMouseClick
[01:48:00.070] load texture ok: centerMouseClick (1024×1024 mip4 srv=53)
[01:48:00.070] load texture begin: EButton
[01:48:00.087] load texture ok: EButton (256×256 mip4 srv=54)
[01:48:00.087] load texture begin: QButton
[01:48:00.106] load texture ok: QButton (256×256 mip4 srv=55)
[01:48:00.106] load texture begin: XButton
[01:48:00.125] load texture ok: XButton (256×256 mip4 srv=56)
[01:48:00.125] load texture begin: AButton
[01:48:00.146] load texture ok: AButton (256×256 mip4 srv=57)
[01:48:00.146] load texture begin: YButton
[01:48:00.164] load texture ok: YButton (256×256 mip4 srv=58)
[01:48:00.164] load texture begin: RTButton
[01:48:00.181] load texture ok: RTButton (256×256 mip4 srv=59)
[01:48:00.182] load texture begin: RBButton
[01:48:00.198] load texture ok: RBButton (256×256 mip4 srv=60)
[01:48:00.198] load texture begin: LBButton
[01:48:00.216] load texture ok: LBButton (256×256 mip4 srv=61)
[01:48:00.216] load texture begin: spaceButton
[01:48:00.245] load texture ok: spaceButton (512×256 mip4 srv=62)
[01:48:00.245] load texture begin: LBAndRBButton
[01:48:00.273] load texture ok: LBAndRBButton (512×256 mip4 srv=63)
[01:48:00.273] load texture begin: stunProgressBarBackground
[01:48:00.286] load texture ok: stunProgressBarBackground (640×64 mip4 srv=64)
[01:48:00.286] load texture begin: stunProgressBar
[01:48:00.319] load texture ok: stunProgressBar (655×194 mip4 srv=65)
[01:48:00.319] load texture begin: CHAINATTACK
[01:48:00.331] load texture ok: CHAINATTACK (640×64 mip4 srv=66)
[01:48:00.332] load texture begin: chainPlayerIcon
[01:48:00.350] load texture ok: chainPlayerIcon (256×256 mip4 srv=67)
[01:48:00.350] load texture begin: chainPlayerIconRing
[01:48:00.366] load texture ok: chainPlayerIconRing (228×224 mip4 srv=68)
[01:48:00.366] load texture begin: mouseCancel
[01:48:00.378] load texture ok: mouseCancel (544×64 mip4 srv=69)
[01:48:00.378] load texture begin: gamepadCancel
[01:48:00.389] load texture ok: gamepadCancel (544×64 mip4 srv=70)
[01:48:00.389] load mdoel begin: player
[01:48:00.425] load texture begin: white
[01:48:00.431] load texture ok: white (32×32 mip4 srv=71)
[01:48:00.431] load mdoel ok: player
[01:48:00.431] load mdoel begin: cube
[01:48:00.437] load texture begin: BaseColor_Cube
[01:48:00.647] load texture ok: BaseColor_Cube (1024×1024 mip4 srv=72)
[01:48:00.648] load mdoel ok: cube
[01:48:00.648] load mdoel begin: playerRightWeapon
[01:48:00.677] load mdoel ok: playerRightWeapon
[01:48:00.677] load mdoel begin: playerLeftWeapon
[01:48:00.704] load mdoel ok: playerLeftWeapon
[01:48:00.704] load animation begin: player
[01:48:00.736] load animation: player_attack_1st
[01:48:00.736] load animation: player_attack_2nd
[01:48:00.737] load animation: player_attack_3rd
[01:48:00.737] load animation: player_avoid
[01:48:00.737] load animation: player_dash
[01:48:00.738] load animation: player_idle
[01:48:00.738] load animation: player_parry
[01:48:00.738] load animation: player_skilAttack
[01:48:00.739] load animation: player_stunAttack
[01:48:00.739] load animation: player_walk
[01:48:00.739] load animation ok: player
[01:48:00.828] ObjectPool capacity exceeded
[01:48:00.828] ObjectPool capacity exceeded
[01:48:00.831] created skybox: textureName: [overcast_soil_puresky_4k]
[01:48:00.852] create sceneObjects...: Level/levelEditor.json
[01:48:00.852] ObjectPool capacity exceeded
[01:48:00.853] ObjectPool capacity exceeded
[01:48:00.853] ObjectPool capacity exceeded
[01:48:00.872] created object3D: name: [railLong] staticMesh: [railLong]
[01:48:00.873] ObjectPool capacity exceeded
[01:48:00.873] ObjectPool capacity exceeded
[01:48:00.873] ObjectPool capacity exceeded
[01:48:00.889] created object3D: name: [signCorner] staticMesh: [signCorner]
[01:48:00.891] ObjectPool capacity exceeded
[01:48:00.891] ObjectPool capacity exceeded
[01:48:00.891] ObjectPool capacity exceeded
[01:48:00.917] created object3D: name: [lghtStreet] staticMesh: [lghtStreet]
[01:48:00.919] ObjectPool capacity exceeded
[01:48:00.920] ObjectPool capacity exceeded
[01:48:00.920] ObjectPool capacity exceeded
[01:48:00.936] created object3D: name: [lightSquare] staticMesh: [lightSquare]
[01:48:00.938] ObjectPool capacity exceeded
[01:48:00.938] ObjectPool capacity exceeded
[01:48:00.938] ObjectPool capacity exceeded
[01:48:00.948] created object3D: name: [antenna] staticMesh: [antenna]
[01:48:00.949] ObjectPool capacity exceeded
[01:48:00.949] ObjectPool capacity exceeded
[01:48:00.949] ObjectPool capacity exceeded
[01:48:01.196] created object3D: name: [columnPipes] staticMesh: [columnPipes]
[01:48:01.205] ObjectPool capacity exceeded
[01:48:01.205] ObjectPool capacity exceeded
[01:48:01.205] ObjectPool capacity exceeded
[01:48:01.314] created object3D: name: [propCable] staticMesh: [propCable]
[01:48:01.324] ObjectPool capacity exceeded
[01:48:01.325] ObjectPool capacity exceeded
[01:48:01.325] ObjectPool capacity exceeded
[01:48:01.538] created object3D: name: [propCableLong] staticMesh: [propCableLong]
[01:48:01.555] ObjectPool capacity exceeded
[01:48:01.555] ObjectPool capacity exceeded
[01:48:01.556] ObjectPool capacity exceeded
[01:48:01.602] created object3D: name: [propRailOrigin] staticMesh: [propRailOrigin]
[01:48:01.618] ObjectPool capacity exceeded
[01:48:01.619] ObjectPool capacity exceeded
[01:48:01.619] ObjectPool capacity exceeded
[01:48:01.640] created object3D: name: [platformField] staticMesh: [platformField]
[01:48:01.642] ObjectPool capacity exceeded
[01:48:01.642] ObjectPool capacity exceeded
[01:48:01.642] ObjectPool capacity exceeded
[01:48:01.661] created object3D: name: [steelbeams] staticMesh: [steelbeams]
[01:48:01.662] ObjectPool capacity exceeded
[01:48:01.662] ObjectPool capacity exceeded
[01:48:01.662] ObjectPool capacity exceeded
[01:48:01.662] created object3D: name: [propRailOrigin] staticMesh: [propRailOrigin]
[01:48:01.663] ObjectPool capacity exceeded
[01:48:01.663] ObjectPool capacity exceeded
[01:48:01.663] ObjectPool capacity exceeded
[01:48:01.663] created object3D: name: [propRailOrigin] staticMesh: [propRailOrigin]
[01:48:01.664] ObjectPool capacity exceeded
[01:48:01.664] ObjectPool capacity exceeded
[01:48:01.664] ObjectPool capacity exceeded
[01:48:01.704] created object3D: name: [platformRound] staticMesh: [platformRound]
[01:48:01.705] ObjectPool capacity exceeded
[01:48:01.705] ObjectPool capacity exceeded
[01:48:01.706] ObjectPool capacity exceeded
[01:48:01.706] created object3D: name: [propCableLong] staticMesh: [propCableLong]
[01:48:01.707] ObjectPool capacity exceeded
[01:48:01.707] ObjectPool capacity exceeded
[01:48:01.707] ObjectPool capacity exceeded
[01:48:01.707] created object3D: name: [columnPipes] staticMesh: [columnPipes]
[01:48:01.709] ObjectPool capacity exceeded
[01:48:01.709] ObjectPool capacity exceeded
[01:48:01.709] ObjectPool capacity exceeded
[01:48:01.709] created object3D: name: [steelbeams] staticMesh: [steelbeams]
[01:48:01.709] ObjectPool capacity exceeded
[01:48:01.710] ObjectPool capacity exceeded
[01:48:01.710] ObjectPool capacity exceeded
[01:48:01.710] created object3D: name: [steelbeams] staticMesh: [steelbeams]
[01:48:01.710] ObjectPool capacity exceeded
[01:48:01.710] ObjectPool capacity exceeded
[01:48:01.710] ObjectPool capacity exceeded
[01:48:01.711] created object3D: name: [steelbeams] staticMesh: [steelbeams]
[01:48:01.711] ObjectPool capacity exceeded
[01:48:01.711] ObjectPool capacity exceeded
[01:48:01.711] ObjectPool capacity exceeded
[01:48:01.751] created object3D: name: [columnMetalSupport] staticMesh: [columnMetalSupport]
[01:48:01.753] ObjectPool capacity exceeded
[01:48:01.753] ObjectPool capacity exceeded
[01:48:01.753] ObjectPool capacity exceeded
[01:48:01.753] created object3D: name: [columnMetalSupport] staticMesh: [columnMetalSupport]
[01:48:01.754] ObjectPool capacity exceeded
[01:48:01.754] ObjectPool capacity exceeded
[01:48:01.754] ObjectPool capacity exceeded
[01:48:01.754] created object3D: name: [columnMetalSupport] staticMesh: [columnMetalSupport]
[01:48:01.755] ObjectPool capacity exceeded
[01:48:01.755] ObjectPool capacity exceeded
[01:48:01.756] ObjectPool capacity exceeded
[01:48:01.756] created object3D: name: [columnMetalSupport] staticMesh: [columnMetalSupport]
[01:48:01.757] ObjectPool capacity exceeded
[01:48:01.757] ObjectPool capacity exceeded
[01:48:01.757] ObjectPool capacity exceeded
[01:48:01.757] created object3D: name: [propCableLong] staticMesh: [propCableLong]
[01:48:01.758] ObjectPool capacity exceeded
[01:48:01.758] ObjectPool capacity exceeded
[01:48:01.758] ObjectPool capacity exceeded
[01:48:01.758] created object3D: name: [propCableLong] staticMesh: [propCableLong]
[01:48:01.759] ObjectPool capacity exceeded
[01:48:01.759] ObjectPool capacity exceeded
[01:48:01.759] ObjectPool capacity exceeded
[01:48:01.759] created object3D: name: [railLong] staticMesh: [railLong]
[01:48:01.760] ObjectPool capacity exceeded
[01:48:01.760] ObjectPool capacity exceeded
[01:48:01.760] ObjectPool capacity exceeded
[01:48:01.760] created object3D: name: [steelbeams] staticMesh: [steelbeams]
[01:48:01.761] ObjectPool capacity exceeded
[01:48:01.761] ObjectPool capacity exceeded
[01:48:01.761] ObjectPool capacity exceeded
[01:48:01.761] created object3D: name: [steelbeams] staticMesh: [steelbeams]
[01:48:01.762] ObjectPool capacity exceeded
[01:48:01.762] ObjectPool capacity exceeded
[01:48:01.762] ObjectPool capacity exceeded
[01:48:01.762] created object3D: name: [steelbeams] staticMesh: [steelbeams]
[01:48:01.762] ObjectPool capacity exceeded
[01:48:01.762] ObjectPool capacity exceeded
[01:48:01.763] ObjectPool capacity exceeded
[01:48:01.763] created object3D: name: [columnMetalSupport] staticMesh: [columnMetalSupport]
[01:48:01.764] ObjectPool capacity exceeded
[01:48:01.764] ObjectPool capacity exceeded
[01:48:01.764] ObjectPool capacity exceeded
[01:48:01.764] created object3D: name: [columnMetalSupport] staticMesh: [columnMetalSupport]
[01:48:01.765] ObjectPool capacity exceeded
[01:48:01.765] ObjectPool capacity exceeded
[01:48:01.765] ObjectPool capacity exceeded
[01:48:01.765] created object3D: name: [columnMetalSupport] staticMesh: [columnMetalSupport]
[01:48:01.766] ObjectPool capacity exceeded
[01:48:01.766] ObjectPool capacity exceeded
[01:48:01.766] ObjectPool capacity exceeded
[01:48:01.766] created object3D: name: [columnMetalSupport] staticMesh: [columnMetalSupport]
[01:48:01.767] ObjectPool capacity exceeded
[01:48:01.768] ObjectPool capacity exceeded
[01:48:01.768] ObjectPool capacity exceeded
[01:48:01.768] created object3D: name: [steelbeams] staticMesh: [steelbeams]
[01:48:01.768] ObjectPool capacity exceeded
[01:48:01.768] ObjectPool capacity exceeded
[01:48:01.768] ObjectPool capacity exceeded
[01:48:01.768] created object3D: name: [platformField] staticMesh: [platformField]
[01:48:01.770] ObjectPool capacity exceeded
[01:48:01.770] ObjectPool capacity exceeded
[01:48:01.770] ObjectPool capacity exceeded
[01:48:01.770] created object3D: name: [platformField] staticMesh: [platformField]
[01:48:01.772] ObjectPool capacity exceeded
[01:48:01.772] ObjectPool capacity exceeded
[01:48:01.772] ObjectPool capacity exceeded
[01:48:01.772] created object3D: name: [platformField] staticMesh: [platformField]
[01:48:01.773] ObjectPool capacity exceeded
[01:48:01.773] ObjectPool capacity exceeded
[01:48:01.773] ObjectPool capacity exceeded
[01:48:01.774] created object3D: name: [steelbeams] staticMesh: [steelbeams]
[01:48:01.774] ObjectPool capacity exceeded
[01:48:01.774] ObjectPool capacity exceeded
[01:48:01.774] ObjectPool capacity exceeded
[01:48:01.774] created object3D: name: [steelbeams] staticMesh: [steelbeams]
[01:48:01.775] ObjectPool capacity exceeded
[01:48:01.775] ObjectPool capacity exceeded
[01:48:01.775] ObjectPool capacity exceeded
[01:48:01.775] created object3D: name: [steelbeams] staticMesh: [steelbeams]
[01:48:01.776] ObjectPool capacity exceeded
[01:48:01.776] ObjectPool capacity exceeded
[01:48:01.776] ObjectPool capacity exceeded
[01:48:01.776] created object3D: name: [steelbeams] staticMesh: [steelbeams]
[01:48:01.777] ObjectPool capacity exceeded
[01:48:01.777] ObjectPool capacity exceeded
[01:48:01.777] ObjectPool capacity exceeded
[01:48:01.777] created object3D: name: [steelbeams] staticMesh: [steelbeams]
[01:48:01.777] ObjectPool capacity exceeded
[01:48:01.777] ObjectPool capacity exceeded
[01:48:01.778] ObjectPool capacity exceeded
[01:48:01.778] created object3D: name: [steelbeams] staticMesh: [steelbeams]
[01:48:01.778] ObjectPool capacity exceeded
[01:48:01.778] ObjectPool capacity exceeded
[01:48:01.778] ObjectPool capacity exceeded
[01:48:01.778] created object3D: name: [steelbeams] staticMesh: [steelbeams]
[01:48:01.779] ObjectPool capacity exceeded
[01:48:01.779] ObjectPool capacity exceeded
[01:48:01.779] ObjectPool capacity exceeded
[01:48:01.779] created object3D: name: [columnPipes] staticMesh: [columnPipes]
[01:48:01.781] ObjectPool capacity exceeded
[01:48:01.781] ObjectPool capacity exceeded
[01:48:01.781] ObjectPool capacity exceeded
[01:48:01.781] created object3D: name: [columnPipes] staticMesh: [columnPipes]
[01:48:01.782] ObjectPool capacity exceeded
[01:48:01.782] ObjectPool capacity exceeded
[01:48:01.783] ObjectPool capacity exceeded
[01:48:01.783] created object3D: name: [columnMetalSupport] staticMesh: [columnMetalSupport]
[01:48:01.784] ObjectPool capacity exceeded
[01:48:01.784] ObjectPool capacity exceeded
[01:48:01.784] ObjectPool capacity exceeded
[01:48:01.784] created object3D: name: [columnMetalSupport] staticMesh: [columnMetalSupport]
[01:48:01.785] ObjectPool capacity exceeded
[01:48:01.785] ObjectPool capacity exceeded
[01:48:01.785] ObjectPool capacity exceeded
[01:48:01.785] created object3D: name: [columnMetalSupport] staticMesh: [columnMetalSupport]
[01:48:01.786] ObjectPool capacity exceeded
[01:48:01.786] ObjectPool capacity exceeded
[01:48:01.786] ObjectPool capacity exceeded
[01:48:01.786] created object3D: name: [columnMetalSupport] staticMesh: [columnMetalSupport]
[01:48:01.787] ObjectPool capacity exceeded
[01:48:01.788] ObjectPool capacity exceeded
[01:48:01.788] ObjectPool capacity exceeded
[01:48:01.788] created object3D: name: [columnMetalSupport] staticMesh: [columnMetalSupport]
[01:48:01.789] ObjectPool capacity exceeded
[01:48:01.789] ObjectPool capacity exceeded
[01:48:01.789] ObjectPool capacity exceeded
[01:48:01.789] created object3D: name: [columnMetalSupport] staticMesh: [columnMetalSupport]
[01:48:01.790] ObjectPool capacity exceeded
[01:48:01.790] ObjectPool capacity exceeded
[01:48:01.790] ObjectPool capacity exceeded
[01:48:01.790] created object3D: name: [columnMetalSupport] staticMesh: [columnMetalSupport]
[01:48:01.791] ObjectPool capacity exceeded
[01:48:01.791] ObjectPool capacity exceeded
[01:48:01.791] ObjectPool capacity exceeded
[01:48:01.792] created object3D: name: [columnMetalSupport] staticMesh: [columnMetalSupport]
[01:48:01.793] ObjectPool capacity exceeded
[01:48:01.793] ObjectPool capacity exceeded
[01:48:01.793] ObjectPool capacity exceeded
[01:48:01.793] created object3D: name: [signCorner] staticMesh: [signCorner]
[01:48:01.794] ObjectPool capacity exceeded
[01:48:01.794] ObjectPool capacity exceeded
[01:48:01.794] ObjectPool capacity exceeded
[01:48:01.794] created object3D: name: [propCableLong] staticMesh: [propCableLong]
[01:48:01.795] ObjectPool capacity exceeded
[01:48:01.795] ObjectPool capacity exceeded
[01:48:01.795] ObjectPool capacity exceeded
[01:48:01.795] created object3D: name: [propCable] staticMesh: [propCable]
[01:48:01.796] ObjectPool capacity exceeded
[01:48:01.796] ObjectPool capacity exceeded
[01:48:01.797] ObjectPool capacity exceeded
[01:48:01.797] created object3D: name: [lightSquare] staticMesh: [lightSquare]
[01:48:01.798] ObjectPool capacity exceeded
[01:48:01.798] ObjectPool capacity exceeded
[01:48:01.798] ObjectPool capacity exceeded
[01:48:01.798] created object3D: name: [lghtStreet] staticMesh: [lghtStreet]
[01:48:01.800] ObjectPool capacity exceeded
[01:48:01.800] ObjectPool capacity exceeded
[01:48:01.800] ObjectPool capacity exceeded
[01:48:01.800] created object3D: name: [propRailOrigin] staticMesh: [propRailOrigin]
[01:48:01.801] ObjectPool capacity exceeded
[01:48:01.801] ObjectPool capacity exceeded
[01:48:01.801] ObjectPool capacity exceeded
[01:48:01.801] created object3D: name: [propRailOrigin] staticMesh: [propRailOrigin]
[01:48:01.801] ObjectPool capacity exceeded
[01:48:01.801] ObjectPool capacity exceeded
[01:48:01.802] ObjectPool capacity exceeded
[01:48:01.802] created object3D: name: [propRailOrigin] staticMesh: [propRailOrigin]
[01:48:01.802] ObjectPool capacity exceeded
[01:48:01.802] ObjectPool capacity exceeded
[01:48:01.802] ObjectPool capacity exceeded
[01:48:01.802] created object3D: name: [railLong] staticMesh: [railLong]
[01:48:01.803] ObjectPool capacity exceeded
[01:48:01.803] ObjectPool capacity exceeded
[01:48:01.803] ObjectPool capacity exceeded
[01:48:01.803] created object3D: name: [railLong] staticMesh: [railLong]
[01:48:01.804] ObjectPool capacity exceeded
[01:48:01.804] ObjectPool capacity exceeded
[01:48:01.804] ObjectPool capacity exceeded
[01:48:01.804] created object3D: name: [antenna] staticMesh: [antenna]
[01:48:01.805] ObjectPool capacity exceeded
[01:48:01.805] ObjectPool capacity exceeded
[01:48:01.805] ObjectPool capacity exceeded
[01:48:01.805] created object3D: name: [steelbeams] staticMesh: [steelbeams]
[01:48:01.806] ObjectPool capacity exceeded
[01:48:01.806] ObjectPool capacity exceeded
[01:48:01.806] ObjectPool capacity exceeded
[01:48:01.806] created object3D: name: [steelbeams] staticMesh: [steelbeams]
[01:48:01.806] ObjectPool capacity exceeded
[01:48:01.806] ObjectPool capacity exceeded
[01:48:01.806] ObjectPool capacity exceeded
[01:48:01.806] created object3D: name: [steelbeams] staticMesh: [steelbeams]
[01:48:01.807] ObjectPool capacity exceeded
[01:48:01.807] ObjectPool capacity exceeded
[01:48:01.807] ObjectPool capacity exceeded
[01:48:01.807] created object3D: name: [columnMetalSupport] staticMesh: [columnMetalSupport]
[01:48:01.808] ObjectPool capacity exceeded
[01:48:01.808] ObjectPool capacity exceeded
[01:48:01.808] ObjectPool capacity exceeded
[01:48:01.809] created object3D: name: [columnMetalSupport] staticMesh: [columnMetalSupport]
[01:48:01.810] ObjectPool capacity exceeded
[01:48:01.810] ObjectPool capacity exceeded
[01:48:01.810] ObjectPool capacity exceeded
[01:48:01.810] created object3D: name: [columnMetalSupport] staticMesh: [columnMetalSupport]
[01:48:01.811] ObjectPool capacity exceeded
[01:48:01.811] ObjectPool capacity exceeded
[01:48:01.811] ObjectPool capacity exceeded
[01:48:01.811] created object3D: name: [columnMetalSupport] staticMesh: [columnMetalSupport]
[01:48:01.812] ObjectPool capacity exceeded
[01:48:01.812] ObjectPool capacity exceeded
[01:48:01.812] ObjectPool capacity exceeded
[01:48:01.812] created object3D: name: [steelbeams] staticMesh: [steelbeams]
[01:48:01.813] ObjectPool capacity exceeded
[01:48:01.813] ObjectPool capacity exceeded
[01:48:01.813] ObjectPool capacity exceeded
[01:48:01.813] created object3D: name: [steelbeams] staticMesh: [steelbeams]
[01:48:01.814] ObjectPool capacity exceeded
[01:48:01.814] ObjectPool capacity exceeded
[01:48:01.814] ObjectPool capacity exceeded
[01:48:01.814] created object3D: name: [columnMetalSupport] staticMesh: [columnMetalSupport]
[01:48:01.815] ObjectPool capacity exceeded
[01:48:01.815] ObjectPool capacity exceeded
[01:48:01.815] ObjectPool capacity exceeded
[01:48:01.815] created object3D: name: [columnMetalSupport] staticMesh: [columnMetalSupport]
[01:48:01.816] ObjectPool capacity exceeded
[01:48:01.816] ObjectPool capacity exceeded
[01:48:01.816] ObjectPool capacity exceeded
[01:48:01.816] created object3D: name: [columnMetalSupport] staticMesh: [columnMetalSupport]
[01:48:01.817] ObjectPool capacity exceeded
[01:48:01.817] ObjectPool capacity exceeded
[01:48:01.818] ObjectPool capacity exceeded
[01:48:01.818] created object3D: name: [columnMetalSupport] staticMesh: [columnMetalSupport]
[01:48:01.819] ObjectPool capacity exceeded
[01:48:01.819] ObjectPool capacity exceeded
[01:48:01.819] ObjectPool capacity exceeded
[01:48:01.819] created object3D: name: [propRailOrigin] staticMesh: [propRailOrigin]
[01:48:01.820] ObjectPool capacity exceeded
[01:48:01.820] ObjectPool capacity exceeded
[01:48:01.820] ObjectPool capacity exceeded
[01:48:01.820] created object3D: name: [propRailOrigin] staticMesh: [propRailOrigin]
[01:48:01.820] ObjectPool capacity exceeded
[01:48:01.820] ObjectPool capacity exceeded
[01:48:01.821] ObjectPool capacity exceeded
[01:48:01.829] created object3D: name: [wall] staticMesh: [wall]
[01:48:01.830] ObjectPool capacity exceeded
[01:48:01.830] ObjectPool capacity exceeded
[01:48:01.830] ObjectPool capacity exceeded
[01:48:01.830] created object3D: name: [wall] staticMesh: [wall]
[01:48:01.830] ObjectPool capacity exceeded
[01:48:01.830] ObjectPool capacity exceeded
[01:48:01.831] ObjectPool capacity exceeded
[01:48:01.831] created object3D: name: [steelbeams] staticMesh: [steelbeams]
[01:48:01.831] ObjectPool capacity exceeded
[01:48:01.831] ObjectPool capacity exceeded
[01:48:01.831] ObjectPool capacity exceeded
[01:48:01.831] created object3D: name: [steelbeams] staticMesh: [steelbeams]
[01:48:01.832] ObjectPool capacity exceeded
[01:48:01.832] ObjectPool capacity exceeded
[01:48:01.832] ObjectPool capacity exceeded
[01:48:01.832] created object3D: name: [steelbeams] staticMesh: [steelbeams]
[01:48:01.833] ObjectPool capacity exceeded
[01:48:01.833] ObjectPool capacity exceeded
[01:48:01.833] ObjectPool capacity exceeded
[01:48:01.833] created object3D: name: [columnMetalSupport] staticMesh: [columnMetalSupport]
[01:48:01.834] ObjectPool capacity exceeded
[01:48:01.834] ObjectPool capacity exceeded
[01:48:01.834] ObjectPool capacity exceeded
[01:48:01.834] created object3D: name: [columnMetalSupport] staticMesh: [columnMetalSupport]
[01:48:01.835] ObjectPool capacity exceeded
[01:48:01.835] ObjectPool capacity exceeded
[01:48:01.836] ObjectPool capacity exceeded
[01:48:01.836] created object3D: name: [columnMetalSupport] staticMesh: [columnMetalSupport]
[01:48:01.837] ObjectPool capacity exceeded
[01:48:01.837] ObjectPool capacity exceeded
[01:48:01.837] ObjectPool capacity exceeded
[01:48:01.837] created object3D: name: [columnMetalSupport] staticMesh: [columnMetalSupport]
[01:48:01.838] ObjectPool capacity exceeded
[01:48:01.838] ObjectPool capacity exceeded
[01:48:01.838] ObjectPool capacity exceeded
[01:48:01.838] created object3D: name: [steelbeams] staticMesh: [steelbeams]
[01:48:01.839] ObjectPool capacity exceeded
[01:48:01.839] ObjectPool capacity exceeded
[01:48:01.839] ObjectPool capacity exceeded
[01:48:01.839] created object3D: name: [steelbeams] staticMesh: [steelbeams]
[01:48:01.840] ObjectPool capacity exceeded
[01:48:01.840] ObjectPool capacity exceeded
[01:48:01.840] ObjectPool capacity exceeded
[01:48:01.840] created object3D: name: [columnMetalSupport] staticMesh: [columnMetalSupport]
[01:48:01.841] ObjectPool capacity exceeded
[01:48:01.841] ObjectPool capacity exceeded
[01:48:01.841] ObjectPool capacity exceeded
[01:48:01.841] created object3D: name: [columnMetalSupport] staticMesh: [columnMetalSupport]
[01:48:01.842] ObjectPool capacity exceeded
[01:48:01.842] ObjectPool capacity exceeded
[01:48:01.842] ObjectPool capacity exceeded
[01:48:01.842] created object3D: name: [steelbeams] staticMesh: [steelbeams]
[01:48:01.843] ObjectPool capacity exceeded
[01:48:01.843] ObjectPool capacity exceeded
[01:48:01.843] ObjectPool capacity exceeded
[01:48:01.843] created object3D: name: [steelbeams] staticMesh: [steelbeams]
[01:48:01.844] ObjectPool capacity exceeded
[01:48:01.844] ObjectPool capacity exceeded
[01:48:01.844] ObjectPool capacity exceeded
[01:48:01.844] created object3D: name: [steelbeams] staticMesh: [steelbeams]
[01:48:01.845] ObjectPool capacity exceeded
[01:48:01.845] ObjectPool capacity exceeded
[01:48:01.845] ObjectPool capacity exceeded
[01:48:01.845] created object3D: name: [steelbeams] staticMesh: [steelbeams]
[01:48:01.845] ObjectPool capacity exceeded
[01:48:01.845] ObjectPool capacity exceeded
[01:48:01.845] ObjectPool capacity exceeded
[01:48:01.846] created object3D: name: [steelbeams] staticMesh: [steelbeams]
[01:48:01.846] ObjectPool capacity exceeded
[01:48:01.846] ObjectPool capacity exceeded
[01:48:01.846] ObjectPool capacity exceeded
[01:48:01.846] created object3D: name: [columnMetalSupport] staticMesh: [columnMetalSupport]
[01:48:01.847] ObjectPool capacity exceeded
[01:48:01.848] ObjectPool capacity exceeded
[01:48:01.848] ObjectPool capacity exceeded
[01:48:01.848] created object3D: name: [columnMetalSupport] staticMesh: [columnMetalSupport]
[01:48:01.849] ObjectPool capacity exceeded
[01:48:01.849] ObjectPool capacity exceeded
[01:48:01.849] ObjectPool capacity exceeded
[01:48:01.849] created object3D: name: [columnMetalSupport] staticMesh: [columnMetalSupport]
[01:48:01.850] ObjectPool capacity exceeded
[01:48:01.850] ObjectPool capacity exceeded
[01:48:01.850] ObjectPool capacity exceeded
[01:48:01.850] created object3D: name: [columnMetalSupport] staticMesh: [columnMetalSupport]
[01:48:01.851] ObjectPool capacity exceeded
[01:48:01.851] ObjectPool capacity exceeded
[01:48:01.851] ObjectPool capacity exceeded
[01:48:01.851] created object3D: name: [columnMetalSupport] staticMesh: [columnMetalSupport]
[01:48:01.853] ObjectPool capacity exceeded
[01:48:01.853] ObjectPool capacity exceeded
[01:48:01.853] ObjectPool capacity exceeded
[01:48:01.853] created object3D: name: [columnMetalSupport] staticMesh: [columnMetalSupport]
[01:48:01.854] ObjectPool capacity exceeded
[01:48:01.854] ObjectPool capacity exceeded
[01:48:01.854] ObjectPool capacity exceeded
[01:48:01.862] created object3D: name: [tiltedWarningWall] staticMesh: [tiltedWarningWall]
[01:48:01.863] ObjectPool capacity exceeded
[01:48:01.864] ObjectPool capacity exceeded
[01:48:01.864] ObjectPool capacity exceeded
[01:48:01.872] created object3D: name: [warningWall] staticMesh: [warningWall]
[01:48:01.873] ObjectPool capacity exceeded
[01:48:01.873] ObjectPool capacity exceeded
[01:48:01.874] ObjectPool capacity exceeded
[01:48:01.874] created object3D: name: [tiltedWarningWall] staticMesh: [tiltedWarningWall]
[01:48:01.874] ObjectPool capacity exceeded
[01:48:01.874] ObjectPool capacity exceeded
[01:48:01.874] ObjectPool capacity exceeded
[01:48:01.874] created object3D: name: [warningWall] staticMesh: [warningWall]
[01:48:01.875] ObjectPool capacity exceeded
[01:48:01.875] ObjectPool capacity exceeded
[01:48:01.875] ObjectPool capacity exceeded
[01:48:01.890] created object3D: name: [fence] staticMesh: [fence]
[01:48:01.891] ObjectPool capacity exceeded
[01:48:01.891] ObjectPool capacity exceeded
[01:48:01.891] ObjectPool capacity exceeded
[01:48:01.891] created object3D: name: [fence] staticMesh: [fence]
[01:48:01.892] ObjectPool capacity exceeded
[01:48:01.892] ObjectPool capacity exceeded
[01:48:01.892] ObjectPool capacity exceeded
[01:48:01.900] created object3D: name: [field] staticMesh: [field]
[01:48:01.901] ObjectPool capacity exceeded
[01:48:01.901] ObjectPool capacity exceeded
[01:48:01.901] ObjectPool capacity exceeded
[01:48:01.909] created object3D: name: [fieldUnder] staticMesh: [fieldUnder]
[01:48:01.909] create sceneObjects finished: Level/levelEditor.json
[01:48:01.912] ObjectPool capacity exceeded
[01:48:01.912] ObjectPool capacity exceeded
[01:48:01.912] ObjectPool capacity exceeded
[01:48:01.912] ObjectPool capacity exceeded
[01:48:01.953] created object3D: name: [player] skinnedMesh: [player] animation: [player_idle]
[01:48:01.953] ObjectPool capacity exceeded
[01:48:01.953] ObjectPool capacity exceeded
[01:48:01.953] ObjectPool capacity exceeded
[01:48:01.993] created object3D: name: [playerRightWeapon] staticMesh: [playerRightWeapon]
[01:48:01.993] ObjectPool capacity exceeded
[01:48:01.993] ObjectPool capacity exceeded
[01:48:01.993] ObjectPool capacity exceeded
[01:48:02.032] created object3D: name: [playerLeftWeapon] staticMesh: [playerLeftWeapon]
[01:48:02.032] ObjectPool capacity exceeded
[01:48:02.032] ObjectPool capacity exceeded
[01:48:02.032] ObjectPool capacity exceeded
[01:48:02.040] created object3D: name: [playerAlly] staticMesh: [cube]
[01:48:02.047] ObjectPool capacity exceeded
[01:48:02.047] ObjectPool capacity exceeded
[01:48:02.047] ObjectPool capacity exceeded
[01:48:02.048] ObjectPool capacity exceeded
[01:48:02.049] created object2D: name: [hpBackground] textureName: [playerHPBackground]
[01:48:02.049] ObjectPool capacity exceeded
[01:48:02.049] ObjectPool capacity exceeded
[01:48:02.049] ObjectPool capacity exceeded
[01:48:02.050] ObjectPool capacity exceeded
[01:48:02.050] created object2D: name: [hpBar] textureName: [playerHPBar]
[01:48:02.050] ObjectPool capacity exceeded
[01:48:02.050] ObjectPool capacity exceeded
[01:48:02.051] ObjectPool capacity exceeded
[01:48:02.051] ObjectPool capacity exceeded
[01:48:02.052] created object2D: name: [destroyBar] textureName: [playerSkilBar]
[01:48:02.052] ObjectPool capacity exceeded
[01:48:02.052] ObjectPool capacity exceeded
[01:48:02.052] ObjectPool capacity exceeded
[01:48:02.053] ObjectPool capacity exceeded
[01:48:02.053] created object2D: name: [playerName] textureName: [playerName]
[01:48:02.053] ObjectPool capacity exceeded
[01:48:02.053] ObjectPool capacity exceeded
[01:48:02.053] ObjectPool capacity exceeded
[01:48:02.054] ObjectPool capacity exceeded
[01:48:02.055] created object2D: name: [attackIcon] textureName: [attackIcon]
[01:48:02.055] ObjectPool capacity exceeded
[01:48:02.055] ObjectPool capacity exceeded
[01:48:02.055] ObjectPool capacity exceeded
[01:48:02.055] ObjectPool capacity exceeded
[01:48:02.056] created object2D: name: [leftMouseClick] textureName: [leftMouseClick]
[01:48:02.056] ObjectPool capacity exceeded
[01:48:02.056] ObjectPool capacity exceeded
[01:48:02.056] ObjectPool capacity exceeded
[01:48:02.057] ObjectPool capacity exceeded
[01:48:02.057] created object2D: name: [XButton] textureName: [XButton]
[01:48:02.058] ObjectPool capacity exceeded
[01:48:02.058] ObjectPool capacity exceeded
[01:48:02.058] ObjectPool capacity exceeded
[01:48:02.058] ObjectPool capacity exceeded
[01:48:02.059] created object2D: name: [dashIcon] textureName: [dashIcon]
[01:48:02.059] ObjectPool capacity exceeded
[01:48:02.059] ObjectPool capacity exceeded
[01:48:02.059] ObjectPool capacity exceeded
[01:48:02.060] ObjectPool capacity exceeded
[01:48:02.060] created object2D: name: [rightMouseClick] textureName: [rightMouseClick]
[01:48:02.060] ObjectPool capacity exceeded
[01:48:02.060] ObjectPool capacity exceeded
[01:48:02.060] ObjectPool capacity exceeded
[01:48:02.061] ObjectPool capacity exceeded
[01:48:02.061] created object2D: name: [AButton] textureName: [AButton]
[01:48:02.061] ObjectPool capacity exceeded
[01:48:02.061] ObjectPool capacity exceeded
[01:48:02.061] ObjectPool capacity exceeded
[01:48:02.062] ObjectPool capacity exceeded
[01:48:02.062] created object2D: name: [skilIcon] textureName: [skilIcon]
[01:48:02.062] ObjectPool capacity exceeded
[01:48:02.062] ObjectPool capacity exceeded
[01:48:02.062] ObjectPool capacity exceeded
[01:48:02.063] ObjectPool capacity exceeded
[01:48:02.064] created object2D: name: [EButton] textureName: [EButton]
[01:48:02.064] ObjectPool capacity exceeded
[01:48:02.064] ObjectPool capacity exceeded
[01:48:02.064] ObjectPool capacity exceeded
[01:48:02.065] ObjectPool capacity exceeded
[01:48:02.065] created object2D: name: [YButton] textureName: [YButton]
[01:48:02.065] ObjectPool capacity exceeded
[01:48:02.065] ObjectPool capacity exceeded
[01:48:02.065] ObjectPool capacity exceeded
[01:48:02.066] ObjectPool capacity exceeded
[01:48:02.066] created object2D: name: [parryIcon] textureName: [parryIcon]
[01:48:02.066] ObjectPool capacity exceeded
[01:48:02.066] ObjectPool capacity exceeded
[01:48:02.066] ObjectPool capacity exceeded
[01:48:02.067] ObjectPool capacity exceeded
[01:48:02.068] created object2D: name: [spaceButton] textureName: [spaceButton]
[01:48:02.068] ObjectPool capacity exceeded
[01:48:02.068] ObjectPool capacity exceeded
[01:48:02.068] ObjectPool capacity exceeded
[01:48:02.069] ObjectPool capacity exceeded
[01:48:02.069] created object2D: name: [LBAndRBButton] textureName: [LBAndRBButton]
[01:48:02.069] ObjectPool capacity exceeded
[01:48:02.069] ObjectPool capacity exceeded
[01:48:02.069] ObjectPool capacity exceeded
[01:48:02.070] ObjectPool capacity exceeded
[01:48:02.071] created object2D: name: [damagePopup_0_0] textureName: [playerDamageNumber]
[01:48:02.071] ObjectPool capacity exceeded
[01:48:02.071] ObjectPool capacity exceeded
[01:48:02.071] ObjectPool capacity exceeded
[01:48:02.072] ObjectPool capacity exceeded
[01:48:02.072] created object2D: name: [damagePopup_0_1] textureName: [playerDamageNumber]
[01:48:02.072] ObjectPool capacity exceeded
[01:48:02.072] ObjectPool capacity exceeded
[01:48:02.072] ObjectPool capacity exceeded
[01:48:02.073] ObjectPool capacity exceeded
[01:48:02.074] created object2D: name: [damagePopup_0_2] textureName: [playerDamageNumber]
[01:48:02.074] ObjectPool capacity exceeded
[01:48:02.074] ObjectPool capacity exceeded
[01:48:02.074] ObjectPool capacity exceeded
[01:48:02.075] ObjectPool capacity exceeded
[01:48:02.075] created object2D: name: [damagePopup_1_0] textureName: [playerDamageNumber]
[01:48:02.075] ObjectPool capacity exceeded
[01:48:02.075] ObjectPool capacity exceeded
[01:48:02.075] ObjectPool capacity exceeded
[01:48:02.076] ObjectPool capacity exceeded
[01:48:02.077] created object2D: name: [damagePopup_1_1] textureName: [playerDamageNumber]
[01:48:02.077] ObjectPool capacity exceeded
[01:48:02.077] ObjectPool capacity exceeded
[01:48:02.077] ObjectPool capacity exceeded
[01:48:02.078] ObjectPool capacity exceeded
[01:48:02.078] created object2D: name: [damagePopup_1_2] textureName: [playerDamageNumber]
[01:48:02.078] ObjectPool capacity exceeded
[01:48:02.078] ObjectPool capacity exceeded
[01:48:02.078] ObjectPool capacity exceeded
[01:48:02.079] ObjectPool capacity exceeded
[01:48:02.080] created object2D: name: [damagePopup_2_0] textureName: [playerDamageNumber]
[01:48:02.080] ObjectPool capacity exceeded
[01:48:02.080] ObjectPool capacity exceeded
[01:48:02.080] ObjectPool capacity exceeded
[01:48:02.080] ObjectPool capacity exceeded
[01:48:02.081] created object2D: name: [damagePopup_2_1] textureName: [playerDamageNumber]
[01:48:02.081] ObjectPool capacity exceeded
[01:48:02.081] ObjectPool capacity exceeded
[01:48:02.081] ObjectPool capacity exceeded
[01:48:02.081] ObjectPool capacity exceeded
[01:48:02.082] created object2D: name: [damagePopup_2_2] textureName: [playerDamageNumber]
[01:48:02.082] ObjectPool capacity exceeded
[01:48:02.082] ObjectPool capacity exceeded
[01:48:02.082] ObjectPool capacity exceeded
[01:48:02.082] ObjectPool capacity exceeded
[01:48:02.083] created object2D: name: [damagePopup_3_0] textureName: [playerDamageNumber]
[01:48:02.083] ObjectPool capacity exceeded
[01:48:02.083] ObjectPool capacity exceeded
[01:48:02.083] ObjectPool capacity exceeded
[01:48:02.084] ObjectPool capacity exceeded
[01:48:02.085] created object2D: name: [damagePopup_3_1] textureName: [playerDamageNumber]
[01:48:02.085] ObjectPool capacity exceeded
[01:48:02.085] ObjectPool capacity exceeded
[01:48:02.085] ObjectPool capacity exceeded
[01:48:02.086] ObjectPool capacity exceeded
[01:48:02.086] created object2D: name: [damagePopup_3_2] textureName: [playerDamageNumber]
[01:48:02.087] ObjectPool capacity exceeded
[01:48:02.087] ObjectPool capacity exceeded
[01:48:02.087] ObjectPool capacity exceeded
[01:48:02.088] ObjectPool capacity exceeded
[01:48:02.089] created object2D: name: [stunProgressBarBackground] textureName: [stunProgressBarBackground]
[01:48:02.089] ObjectPool capacity exceeded
[01:48:02.089] ObjectPool capacity exceeded
[01:48:02.089] ObjectPool capacity exceeded
[01:48:02.090] ObjectPool capacity exceeded
[01:48:02.090] created object2D: name: [stunProgressBar] textureName: [stunProgressBar]
[01:48:02.090] ObjectPool capacity exceeded
[01:48:02.091] ObjectPool capacity exceeded
[01:48:02.091] ObjectPool capacity exceeded
[01:48:02.091] ObjectPool capacity exceeded
[01:48:02.092] created object2D: name: [CHAINATTACK] textureName: [CHAINATTACK]
[01:48:02.092] ObjectPool capacity exceeded
[01:48:02.092] ObjectPool capacity exceeded
[01:48:02.092] ObjectPool capacity exceeded
[01:48:02.093] ObjectPool capacity exceeded
[01:48:02.093] created object2D: name: [chainPlayerIcon] textureName: [chainPlayerIcon]
[01:48:02.093] ObjectPool capacity exceeded
[01:48:02.094] ObjectPool capacity exceeded
[01:48:02.094] ObjectPool capacity exceeded
[01:48:02.094] ObjectPool capacity exceeded
[01:48:02.095] created object2D: name: [chainPlayerIconRing] textureName: [chainPlayerIconRing]
[01:48:02.095] ObjectPool capacity exceeded
[01:48:02.095] ObjectPool capacity exceeded
[01:48:02.095] ObjectPool capacity exceeded
[01:48:02.096] ObjectPool capacity exceeded
[01:48:02.098] created object2D: name: [chainPlayerIcon] textureName: [chainPlayerIcon]
[01:48:02.098] ObjectPool capacity exceeded
[01:48:02.098] ObjectPool capacity exceeded
[01:48:02.098] ObjectPool capacity exceeded
[01:48:02.099] ObjectPool capacity exceeded
[01:48:02.100] created object2D: name: [chainPlayerIconRing] textureName: [chainPlayerIconRing]
[01:48:02.100] ObjectPool capacity exceeded
[01:48:02.100] ObjectPool capacity exceeded
[01:48:02.100] ObjectPool capacity exceeded
[01:48:02.100] ObjectPool capacity exceeded
[01:48:02.101] created object2D: name: [rightMouseClick] textureName: [rightMouseClick]
[01:48:02.101] ObjectPool capacity exceeded
[01:48:02.101] ObjectPool capacity exceeded
[01:48:02.101] ObjectPool capacity exceeded
[01:48:02.101] ObjectPool capacity exceeded
[01:48:02.102] created object2D: name: [leftMouseClick] textureName: [leftMouseClick]
[01:48:02.102] ObjectPool capacity exceeded
[01:48:02.102] ObjectPool capacity exceeded
[01:48:02.102] ObjectPool capacity exceeded
[01:48:02.102] ObjectPool capacity exceeded
[01:48:02.103] created object2D: name: [mouseCancel] textureName: [mouseCancel]
[01:48:02.103] ObjectPool capacity exceeded
[01:48:02.103] ObjectPool capacity exceeded
[01:48:02.103] ObjectPool capacity exceeded
[01:48:02.104] ObjectPool capacity exceeded
[01:48:02.104] created object2D: name: [RBButton] textureName: [RBButton]
[01:48:02.104] ObjectPool capacity exceeded
[01:48:02.104] ObjectPool capacity exceeded
[01:48:02.104] ObjectPool capacity exceeded
[01:48:02.105] ObjectPool capacity exceeded
[01:48:02.106] created object2D: name: [LBButton] textureName: [LBButton]
[01:48:02.106] ObjectPool capacity exceeded
[01:48:02.106] ObjectPool capacity exceeded
[01:48:02.106] ObjectPool capacity exceeded
[01:48:02.106] ObjectPool capacity exceeded
[01:48:02.107] created object2D: name: [gamepadCancel] textureName: [gamepadCancel]
[01:48:02.107] ObjectPool capacity exceeded
[01:48:02.107] ObjectPool capacity exceeded
[01:48:02.107] ObjectPool capacity exceeded
[01:48:02.108] ObjectPool capacity exceeded
[01:48:02.108] created object2D: name: [timeNumberDummy] textureName: [timeNumber]
[01:48:02.110] created object2D: name: [timeSymbolDummy] textureName: [timeSymbol]
[01:48:02.112] created object2D: name: [restTimer_1] textureName: [timeNumber]
[01:48:02.112] ObjectPool capacity exceeded
[01:48:02.112] ObjectPool capacity exceeded
[01:48:02.112] ObjectPool capacity exceeded
[01:48:02.113] ObjectPool capacity exceeded
[01:48:02.114] created object2D: name: [restTimer_2] textureName: [timeNumber]
[01:48:02.114] ObjectPool capacity exceeded
[01:48:02.114] ObjectPool capacity exceeded
[01:48:02.114] ObjectPool capacity exceeded
[01:48:02.115] ObjectPool capacity exceeded
[01:48:02.115] created object2D: name: [restTimer_3] textureName: [timeSymbol]
[01:48:02.115] ObjectPool capacity exceeded
[01:48:02.115] ObjectPool capacity exceeded
[01:48:02.115] ObjectPool capacity exceeded
[01:48:02.116] ObjectPool capacity exceeded
[01:48:02.116] created object2D: name: [restTimer_4] textureName: [timeNumber]
[01:48:02.116] ObjectPool capacity exceeded
[01:48:02.116] ObjectPool capacity exceeded
[01:48:02.117] ObjectPool capacity exceeded
[01:48:02.117] ObjectPool capacity exceeded
[01:48:02.118] created object2D: name: [restTimer_5] textureName: [timeNumber]
[01:48:02.118] ObjectPool capacity exceeded
[01:48:02.118] ObjectPool capacity exceeded
[01:48:02.118] ObjectPool capacity exceeded
[01:48:02.119] ObjectPool capacity exceeded
[01:48:02.119] created object2D: name: [restTimer_6] textureName: [timeSymbol]
[01:48:02.119] ObjectPool capacity exceeded
[01:48:02.119] ObjectPool capacity exceeded
[01:48:02.119] ObjectPool capacity exceeded
[01:48:02.120] ObjectPool capacity exceeded
[01:48:02.120] created object2D: name: [restTimer_7] textureName: [timeNumber]
[01:48:02.120] ObjectPool capacity exceeded
[01:48:02.120] ObjectPool capacity exceeded
[01:48:02.120] ObjectPool capacity exceeded
[01:48:02.121] ObjectPool capacity exceeded
[01:48:02.121] created object2D: name: [restTimer_8] textureName: [timeNumber]
[01:48:02.130] ObjectPool capacity exceeded
[01:48:02.130] ObjectPool capacity exceeded
[01:48:02.130] ObjectPool capacity exceeded
[01:48:02.130] ObjectPool capacity exceeded
[01:48:02.167] created object3D: name: [bossEnemy] skinnedMesh: [bossEnemy] animation: [bossEnemy_idle]
[01:48:02.167] ObjectPool capacity exceeded
[01:48:02.167] ObjectPool capacity exceeded
[01:48:02.167] ObjectPool capacity exceeded
[01:48:02.180] created object3D: name: [bossEnemyWeapon] staticMesh: [bossEnemyWeapon]
[01:48:02.189] ObjectPool capacity exceeded
[01:48:02.189] ObjectPool capacity exceeded
[01:48:02.189] ObjectPool capacity exceeded
[01:48:02.190] ObjectPool capacity exceeded
[01:48:02.190] created object2D: name: [hpBackground] textureName: [enemyHPBackground]
[01:48:02.190] ObjectPool capacity exceeded
[01:48:02.190] ObjectPool capacity exceeded
[01:48:02.191] ObjectPool capacity exceeded
[01:48:02.191] ObjectPool capacity exceeded
[01:48:02.192] created object2D: name: [hpBar] textureName: [enemyHPBar]
[01:48:02.192] ObjectPool capacity exceeded
[01:48:02.192] ObjectPool capacity exceeded
[01:48:02.192] ObjectPool capacity exceeded
[01:48:02.193] ObjectPool capacity exceeded
[01:48:02.193] created object2D: name: [destroyBar] textureName: [enemyDestroyBar]
[01:48:02.193] ObjectPool capacity exceeded
[01:48:02.193] ObjectPool capacity exceeded
[01:48:02.194] ObjectPool capacity exceeded
[01:48:02.194] ObjectPool capacity exceeded
[01:48:02.195] created object2D: name: [destroyNum_0] textureName: [toughnessNumber]
[01:48:02.195] ObjectPool capacity exceeded
[01:48:02.195] ObjectPool capacity exceeded
[01:48:02.195] ObjectPool capacity exceeded
[01:48:02.196] ObjectPool capacity exceeded
[01:48:02.196] created object2D: name: [destroyNum_1] textureName: [toughnessNumber]
[01:48:02.196] ObjectPool capacity exceeded
[01:48:02.196] ObjectPool capacity exceeded
[01:48:02.196] ObjectPool capacity exceeded
[01:48:02.197] ObjectPool capacity exceeded
[01:48:02.198] created object2D: name: [bossName] textureName: [bossName]
[01:48:02.198] ObjectPool capacity exceeded
[01:48:02.198] ObjectPool capacity exceeded
[01:48:02.198] ObjectPool capacity exceeded
[01:48:02.198] ObjectPool capacity exceeded
[01:48:02.199] created object2D: name: [damagePopup_0_0] textureName: [enemyDamageNumber]
[01:48:02.199] ObjectPool capacity exceeded
[01:48:02.199] ObjectPool capacity exceeded
[01:48:02.199] ObjectPool capacity exceeded
[01:48:02.200] ObjectPool capacity exceeded
[01:48:02.200] created object2D: name: [damagePopup_0_1] textureName: [enemyDamageNumber]
[01:48:02.200] ObjectPool capacity exceeded
[01:48:02.200] ObjectPool capacity exceeded
[01:48:02.200] ObjectPool capacity exceeded
[01:48:02.201] ObjectPool capacity exceeded
[01:48:02.201] created object2D: name: [damagePopup_0_2] textureName: [enemyDamageNumber]
[01:48:02.201] ObjectPool capacity exceeded
[01:48:02.201] ObjectPool capacity exceeded
[01:48:02.202] ObjectPool capacity exceeded
[01:48:02.202] ObjectPool capacity exceeded
[01:48:02.202] created object2D: name: [damagePopup_0_3] textureName: [enemyDamageNumber]
[01:48:02.203] ObjectPool capacity exceeded
[01:48:02.203] ObjectPool capacity exceeded
[01:48:02.203] ObjectPool capacity exceeded
[01:48:02.203] ObjectPool capacity exceeded
[01:48:02.204] created object2D: name: [damagePopup_1_0] textureName: [enemyDamageNumber]
[01:48:02.204] ObjectPool capacity exceeded
[01:48:02.204] ObjectPool capacity exceeded
[01:48:02.204] ObjectPool capacity exceeded
[01:48:02.205] ObjectPool capacity exceeded
[01:48:02.205] created object2D: name: [damagePopup_1_1] textureName: [enemyDamageNumber]
[01:48:02.205] ObjectPool capacity exceeded
[01:48:02.206] ObjectPool capacity exceeded
[01:48:02.206] ObjectPool capacity exceeded
[01:48:02.206] ObjectPool capacity exceeded
[01:48:02.207] created object2D: name: [damagePopup_1_2] textureName: [enemyDamageNumber]
[01:48:02.207] ObjectPool capacity exceeded
[01:48:02.207] ObjectPool capacity exceeded
[01:48:02.207] ObjectPool capacity exceeded
[01:48:02.208] ObjectPool capacity exceeded
[01:48:02.208] created object2D: name: [damagePopup_1_3] textureName: [enemyDamageNumber]
[01:48:02.208] ObjectPool capacity exceeded
[01:48:02.208] ObjectPool capacity exceeded
[01:48:02.208] ObjectPool capacity exceeded
[01:48:02.209] ObjectPool capacity exceeded
[01:48:02.209] created object2D: name: [damagePopup_2_0] textureName: [enemyDamageNumber]
[01:48:02.209] ObjectPool capacity exceeded
[01:48:02.209] ObjectPool capacity exceeded
[01:48:02.209] ObjectPool capacity exceeded
[01:48:02.210] ObjectPool capacity exceeded
[01:48:02.211] created object2D: name: [damagePopup_2_1] textureName: [enemyDamageNumber]
[01:48:02.211] ObjectPool capacity exceeded
[01:48:02.211] ObjectPool capacity exceeded
[01:48:02.211] ObjectPool capacity exceeded
[01:48:02.212] ObjectPool capacity exceeded
[01:48:02.212] created object2D: name: [damagePopup_2_2] textureName: [enemyDamageNumber]
[01:48:02.212] ObjectPool capacity exceeded
[01:48:02.212] ObjectPool capacity exceeded
[01:48:02.212] ObjectPool capacity exceeded
[01:48:02.213] ObjectPool capacity exceeded
[01:48:02.214] created object2D: name: [damagePopup_2_3] textureName: [enemyDamageNumber]
[01:48:02.214] ObjectPool capacity exceeded
[01:48:02.214] ObjectPool capacity exceeded
[01:48:02.214] ObjectPool capacity exceeded
[01:48:02.215] ObjectPool capacity exceeded
[01:48:02.215] created object2D: name: [damagePopup_3_0] textureName: [enemyDamageNumber]
[01:48:02.215] ObjectPool capacity exceeded
[01:48:02.215] ObjectPool capacity exceeded
[01:48:02.215] ObjectPool capacity exceeded
[01:48:02.216] ObjectPool capacity exceeded
[01:48:02.216] created object2D: name: [damagePopup_3_1] textureName: [enemyDamageNumber]
[01:48:02.216] ObjectPool capacity exceeded
[01:48:02.216] ObjectPool capacity exceeded
[01:48:02.216] ObjectPool capacity exceeded
[01:48:02.217] ObjectPool capacity exceeded
[01:48:02.218] created object2D: name: [damagePopup_3_2] textureName: [enemyDamageNumber]
[01:48:02.218] ObjectPool capacity exceeded
[01:48:02.218] ObjectPool capacity exceeded
[01:48:02.218] ObjectPool capacity exceeded
[01:48:02.218] ObjectPool capacity exceeded
[01:48:02.219] created object2D: name: [damagePopup_3_3] textureName: [enemyDamageNumber]
[01:48:02.219] ObjectPool capacity exceeded
[01:48:02.219] ObjectPool capacity exceeded
[01:48:02.219] ObjectPool capacity exceeded
[01:48:02.219] ObjectPool capacity exceeded
[01:48:02.220] created object2D: name: [damagePopup_4_0] textureName: [enemyDamageNumber]
[01:48:02.220] ObjectPool capacity exceeded
[01:48:02.220] ObjectPool capacity exceeded
[01:48:02.220] ObjectPool capacity exceeded
[01:48:02.220] ObjectPool capacity exceeded
[01:48:02.221] created object2D: name: [damagePopup_4_1] textureName: [enemyDamageNumber]
[01:48:02.221] ObjectPool capacity exceeded
[01:48:02.221] ObjectPool capacity exceeded
[01:48:02.221] ObjectPool capacity exceeded
[01:48:02.222] ObjectPool capacity exceeded
[01:48:02.222] created object2D: name: [damagePopup_4_2] textureName: [enemyDamageNumber]
[01:48:02.222] ObjectPool capacity exceeded
[01:48:02.222] ObjectPool capacity exceeded
[01:48:02.222] ObjectPool capacity exceeded
[01:48:02.223] ObjectPool capacity exceeded
[01:48:02.224] created object2D: name: [damagePopup_4_3] textureName: [enemyDamageNumber]
[01:48:02.224] ObjectPool capacity exceeded
[01:48:02.224] ObjectPool capacity exceeded
[01:48:02.224] ObjectPool capacity exceeded
[01:48:02.225] ObjectPool capacity exceeded
[01:48:02.225] created object2D: name: [damagePopup_5_0] textureName: [enemyDamageNumber]
[01:48:02.225] ObjectPool capacity exceeded
[01:48:02.225] ObjectPool capacity exceeded
[01:48:02.225] ObjectPool capacity exceeded
[01:48:02.226] ObjectPool capacity exceeded
[01:48:02.227] created object2D: name: [damagePopup_5_1] textureName: [enemyDamageNumber]
[01:48:02.227] ObjectPool capacity exceeded
[01:48:02.227] ObjectPool capacity exceeded
[01:48:02.227] ObjectPool capacity exceeded
[01:48:02.228] ObjectPool capacity exceeded
[01:48:02.228] created object2D: name: [damagePopup_5_2] textureName: [enemyDamageNumber]
[01:48:02.228] ObjectPool capacity exceeded
[01:48:02.228] ObjectPool capacity exceeded
[01:48:02.228] ObjectPool capacity exceeded
[01:48:02.229] ObjectPool capacity exceeded
[01:48:02.230] created object2D: name: [damagePopup_5_3] textureName: [enemyDamageNumber]
[01:48:02.230] ObjectPool capacity exceeded
[01:48:02.230] ObjectPool capacity exceeded
[01:48:02.230] ObjectPool capacity exceeded
[01:48:02.230] ObjectPool capacity exceeded
[01:48:02.231] created object2D: name: [damagePopup_6_0] textureName: [enemyDamageNumber]
[01:48:02.231] ObjectPool capacity exceeded
[01:48:02.231] ObjectPool capacity exceeded
[01:48:02.231] ObjectPool capacity exceeded
[01:48:02.232] ObjectPool capacity exceeded
[01:48:02.232] created object2D: name: [damagePopup_6_1] textureName: [enemyDamageNumber]
[01:48:02.232] ObjectPool capacity exceeded
[01:48:02.233] ObjectPool capacity exceeded
[01:48:02.233] ObjectPool capacity exceeded
[01:48:02.233] ObjectPool capacity exceeded
[01:48:02.234] created object2D: name: [damagePopup_6_2] textureName: [enemyDamageNumber]
[01:48:02.234] ObjectPool capacity exceeded
[01:48:02.234] ObjectPool capacity exceeded
[01:48:02.234] ObjectPool capacity exceeded
[01:48:02.235] ObjectPool capacity exceeded
[01:48:02.235] created object2D: name: [damagePopup_6_3] textureName: [enemyDamageNumber]
[01:48:02.235] ObjectPool capacity exceeded
[01:48:02.235] ObjectPool capacity exceeded
[01:48:02.235] ObjectPool capacity exceeded
[01:48:02.236] ObjectPool capacity exceeded
[01:48:02.236] created object2D: name: [damagePopup_7_0] textureName: [enemyDamageNumber]
[01:48:02.237] ObjectPool capacity exceeded
[01:48:02.237] ObjectPool capacity exceeded
[01:48:02.237] ObjectPool capacity exceeded
[01:48:02.237] ObjectPool capacity exceeded
[01:48:02.238] created object2D: name: [damagePopup_7_1] textureName: [enemyDamageNumber]
[01:48:02.238] ObjectPool capacity exceeded
[01:48:02.238] ObjectPool capacity exceeded
[01:48:02.238] ObjectPool capacity exceeded
[01:48:02.239] ObjectPool capacity exceeded
[01:48:02.239] created object2D: name: [damagePopup_7_2] textureName: [enemyDamageNumber]
[01:48:02.239] ObjectPool capacity exceeded
[01:48:02.239] ObjectPool capacity exceeded
[01:48:02.239] ObjectPool capacity exceeded
[01:48:02.240] ObjectPool capacity exceeded
[01:48:02.240] created object2D: name: [damagePopup_7_3] textureName: [enemyDamageNumber]
[01:48:02.296] load texture begin: folder
[01:48:02.349] load texture ok: folder (512×512 mip4 srv=79)
[01:48:02.349] load texture begin: texture
[01:48:02.435] load texture ok: texture (512×512 mip4 srv=80)
[01:48:02.435] load texture begin: model
[01:48:02.498] load texture ok: model (512×512 mip4 srv=81)
[01:48:02.498] load texture begin: file
[01:48:02.558] load texture ok: file (512×512 mip4 srv=82)
[01:48:12.483] Framework::Run(void):TriggerKey:0x57
